D:\SOURCE CLIENT D3D9\NODE3D\TRUNK\ENGINE\ENGINECORE\DEBUG\ANIMMGR.OBJ
D:\SOURCE CLIENT D3D9\NODE3D\TRUNK\ENGINE\ENGINECORE\DEBUG\ASTAR.OBJ
D:\SOURCE CLIENT D3D9\NODE3D\TRUNK\ENGINE\ENGINECORE\DEBUG\BASECAMERA.OBJ
D:\SOURCE CLIENT D3D9\NODE3D\TRUNK\ENGINE\ENGINECORE\DEBUG\CAMERA.OBJ
D:\Source Client D3D9\node3d\trunk\engine\EngineCore\Debug\cl.command.1.tlog
D:\Source Client D3D9\node3d\trunk\engine\EngineCore\Debug\CL.read.1.tlog
D:\Source Client D3D9\node3d\trunk\engine\EngineCore\Debug\CL.write.1.tlog
D:\SOURCE CLIENT D3D9\NODE3D\TRUNK\ENGINE\ENGINECORE\DEBUG\FOCUSNODE.OBJ
D:\Source Client D3D9\node3d\trunk\engine\EngineCore\Debug\lib.command.1.tlog
D:\Source Client D3D9\node3d\trunk\engine\EngineCore\Debug\Lib-link.read.1.tlog
D:\Source Client D3D9\node3d\trunk\engine\EngineCore\Debug\Lib-link.write.1.tlog
D:\SOURCE CLIENT D3D9\NODE3D\TRUNK\ENGINE\ENGINECORE\DEBUG\LIGHTNODE.OBJ
D:\SOURCE CLIENT D3D9\NODE3D\TRUNK\ENGINE\ENGINECORE\DEBUG\LODMESH.OBJ
D:\SOURCE CLIENT D3D9\NODE3D\TRUNK\ENGINE\ENGINECORE\DEBUG\LOG.OBJ
D:\SOURCE CLIENT D3D9\NODE3D\TRUNK\ENGINE\ENGINECORE\DEBUG\MESHCOORDINATE.OBJ
D:\SOURCE CLIENT D3D9\NODE3D\TRUNK\ENGINE\ENGINECORE\DEBUG\OCTREE.OBJ
D:\SOURCE CLIENT D3D9\NODE3D\TRUNK\ENGINE\ENGINECORE\DEBUG\PARTICLE.OBJ
D:\SOURCE CLIENT D3D9\NODE3D\TRUNK\ENGINE\ENGINECORE\DEBUG\RENDERNODE.OBJ
D:\SOURCE CLIENT D3D9\NODE3D\TRUNK\ENGINE\ENGINECORE\DEBUG\RENDERNODEMGR.OBJ
D:\SOURCE CLIENT D3D9\NODE3D\TRUNK\ENGINE\ENGINECORE\DEBUG\SCENE.OBJ
D:\SOURCE CLIENT D3D9\NODE3D\TRUNK\ENGINE\ENGINECORE\DEBUG\SCENEDATA.OBJ
D:\SOURCE CLIENT D3D9\NODE3D\TRUNK\ENGINE\ENGINECORE\DEBUG\SCENEEFFECT.OBJ
D:\SOURCE CLIENT D3D9\NODE3D\TRUNK\ENGINE\ENGINECORE\DEBUG\SKELETONDATA.OBJ
D:\SOURCE CLIENT D3D9\NODE3D\TRUNK\ENGINE\ENGINECORE\DEBUG\SKELETONNODE.OBJ
D:\SOURCE CLIENT D3D9\NODE3D\TRUNK\ENGINE\ENGINECORE\DEBUG\SKINMESH.OBJ
D:\Source Client D3D9\node3d\trunk\engine\EngineCore\Debug\vc100.idb
D:\SOURCE CLIENT D3D9\NODE3D\TRUNK\ENGINE\ENGINECORE\DEBUG\VC100.PDB
D:\SOURCE CLIENT D3D9\NODE3D\TRUNK\ENGINE\LIB\ENGINECORED.LIB
