D:\SOURCE CLIENT D3D9\NODE3D\TRUNK\DEBUG\RENDERSYSTEM.BSC
D:\SOURCE CLIENT D3D9\NODE3D\TRUNK\ENGINE\LIB\RENDERSYSTEMD.LIB
D:\SOURCE CLIENT D3D9\NODE3D\TRUNK\ENGINE\RENDERSYSTEM\DEBUG\ANITEX.OBJ
D:\SOURCE CLIENT D3D9\NODE3D\TRUNK\ENGINE\RENDERSYSTEM\DEBUG\ANITEX.SBR
D:\Source Client D3D9\node3d\trunk\engine\RenderSystem\Debug\BscMake.command.1.tlog
D:\Source Client D3D9\node3d\trunk\engine\RenderSystem\Debug\bscmake.read.1.tlog
D:\Source Client D3D9\node3d\trunk\engine\RenderSystem\Debug\bscmake.write.1.tlog
D:\Source Client D3D9\node3d\trunk\engine\RenderSystem\Debug\cl.command.1.tlog
D:\Source Client D3D9\node3d\trunk\engine\RenderSystem\Debug\CL.read.1.tlog
D:\Source Client D3D9\node3d\trunk\engine\RenderSystem\Debug\CL.write.1.tlog
D:\SOURCE CLIENT D3D9\NODE3D\TRUNK\ENGINE\RENDERSYSTEM\DEBUG\DDSLIB.OBJ
D:\SOURCE CLIENT D3D9\NODE3D\TRUNK\ENGINE\RENDERSYSTEM\DEBUG\DDSLIB.SBR
D:\SOURCE CLIENT D3D9\NODE3D\TRUNK\ENGINE\RENDERSYSTEM\DEBUG\GRAPHICS.OBJ
D:\SOURCE CLIENT D3D9\NODE3D\TRUNK\ENGINE\RENDERSYSTEM\DEBUG\GRAPHICS.SBR
D:\SOURCE CLIENT D3D9\NODE3D\TRUNK\ENGINE\RENDERSYSTEM\DEBUG\HARDWAREBUFFERMGR.OBJ
D:\SOURCE CLIENT D3D9\NODE3D\TRUNK\ENGINE\RENDERSYSTEM\DEBUG\HARDWAREBUFFERMGR.SBR
D:\SOURCE CLIENT D3D9\NODE3D\TRUNK\ENGINE\RENDERSYSTEM\DEBUG\HARDWAREINDEXBUFFER.OBJ
D:\SOURCE CLIENT D3D9\NODE3D\TRUNK\ENGINE\RENDERSYSTEM\DEBUG\HARDWAREINDEXBUFFER.SBR
D:\SOURCE CLIENT D3D9\NODE3D\TRUNK\ENGINE\RENDERSYSTEM\DEBUG\HARDWAREVERTEXBUFFER.OBJ
D:\SOURCE CLIENT D3D9\NODE3D\TRUNK\ENGINE\RENDERSYSTEM\DEBUG\HARDWAREVERTEXBUFFER.SBR
D:\Source Client D3D9\node3d\trunk\engine\RenderSystem\Debug\lib.command.1.tlog
D:\Source Client D3D9\node3d\trunk\engine\RenderSystem\Debug\Lib-link.read.1.tlog
D:\Source Client D3D9\node3d\trunk\engine\RenderSystem\Debug\Lib-link.write.1.tlog
D:\SOURCE CLIENT D3D9\NODE3D\TRUNK\ENGINE\RENDERSYSTEM\DEBUG\RENDERSYSTEM.OBJ
D:\SOURCE CLIENT D3D9\NODE3D\TRUNK\ENGINE\RENDERSYSTEM\DEBUG\RENDERSYSTEM.SBR
D:\SOURCE CLIENT D3D9\NODE3D\TRUNK\ENGINE\RENDERSYSTEM\DEBUG\RENDERWINDOW.OBJ
D:\SOURCE CLIENT D3D9\NODE3D\TRUNK\ENGINE\RENDERSYSTEM\DEBUG\RENDERWINDOW.SBR
D:\SOURCE CLIENT D3D9\NODE3D\TRUNK\ENGINE\RENDERSYSTEM\DEBUG\ROOT.OBJ
D:\SOURCE CLIENT D3D9\NODE3D\TRUNK\ENGINE\RENDERSYSTEM\DEBUG\ROOT.SBR
D:\SOURCE CLIENT D3D9\NODE3D\TRUNK\ENGINE\RENDERSYSTEM\DEBUG\TEXTURE.OBJ
D:\SOURCE CLIENT D3D9\NODE3D\TRUNK\ENGINE\RENDERSYSTEM\DEBUG\TEXTURE.SBR
D:\SOURCE CLIENT D3D9\NODE3D\TRUNK\ENGINE\RENDERSYSTEM\DEBUG\TEXTUREMGR.OBJ
D:\SOURCE CLIENT D3D9\NODE3D\TRUNK\ENGINE\RENDERSYSTEM\DEBUG\TEXTUREMGR.SBR
D:\Source Client D3D9\node3d\trunk\engine\RenderSystem\Debug\vc100.idb
D:\SOURCE CLIENT D3D9\NODE3D\TRUNK\ENGINE\RENDERSYSTEM\DEBUG\VC100.PDB
D:\SOURCE CLIENT D3D9\NODE3D\TRUNK\ENGINE\RENDERSYSTEM\DEBUG\VERTEXDECLARATION.OBJ
D:\SOURCE CLIENT D3D9\NODE3D\TRUNK\ENGINE\RENDERSYSTEM\DEBUG\VERTEXDECLARATION.SBR
